/*C1*/SET SCHEMA SYSTEM_LOBS
INSERT INTO BLOCKS VALUES(0,2147483647,0)
COMMIT
/*C2*/SET SCHEMA PUBLIC

create table Produto (
	id bigint generated by default as identity (start with 1), 
	nome varchar(255) not null, 
	descricao varchar(255) not null, 
	valor_total double check (valor>=0),
	valor_frete double check (valor>=0),
	quantidade integer check (quantidade>=0),
	url_imagem VARCHAR(500),
	primary key (id)
)
create table Usuario (
	id bigint generated by default as identity (start with 1), 
	login varchar(255), 
	senha varchar(255), 
	primary key (id)
)

INSERT INTO PRODUTO VALUES(1,'Celular','64 GBS',2.000.00, 0.0, 1,)
COMMIT
